<?xml version="1.0" encoding="UTF-8"?>
<testng-results ignored="0" total="1" passed="1" failed="0" skipped="0">
  <reporter-output>
    <line>
      <![CDATA[captureScreen method called]]>
    </line>
    <line>
      <![CDATA[<a href='/home/anirudha/Documents/automation/AutomationFW/src/main/resources/screenShots/blank_17_05_2021_07_17_31.png'><img src='/home/anirudha/Documents/automation/AutomationFW/src/main/resources/screenShots/blank_17_05_2021_07_17_31.png'height='100' width='100'/></a>]]>
    </line>
  </reporter-output>
  <suite started-at="2021-05-17T07:17:24 IST" name="Default suite" finished-at="2021-05-17T07:17:32 IST" duration-ms="8058">
    <groups>
    </groups>
    <test started-at="2021-05-17T07:17:24 IST" name="Default test" finished-at="2021-05-17T07:17:32 IST" duration-ms="8058">
      <class name="TestScript1">
        <test-method is-config="true" signature="beforeSuite()[pri:0, instance:TestScript1@1afd44cb]" started-at="2021-05-17T07:17:24 IST" name="beforeSuite" finished-at="2021-05-17T07:17:24 IST" duration-ms="183" status="PASS">
          <reporter-output>
          </reporter-output>
        </test-method> <!-- beforeSuite -->
        <test-method is-config="true" signature="beforeTest()[pri:0, instance:TestScript1@1afd44cb]" started-at="2021-05-17T07:17:24 IST" name="beforeTest" finished-at="2021-05-17T07:17:25 IST" duration-ms="1227" status="PASS">
          <reporter-output>
          </reporter-output>
        </test-method> <!-- beforeTest -->
        <test-method is-config="true" signature="beforeMethod(java.lang.reflect.Method)[pri:0, instance:TestScript1@1afd44cb]" started-at="2021-05-17T07:17:25 IST" name="beforeMethod" finished-at="2021-05-17T07:17:25 IST" duration-ms="9" status="PASS">
          <params>
            <param index="0">
              <value>
                <![CDATA[public void TestScript1.testLogin()]]>
              </value>
            </param>
          </params>
          <reporter-output>
          </reporter-output>
        </test-method> <!-- beforeMethod -->
        <test-method signature="testLogin()[pri:0, instance:TestScript1@1afd44cb]" started-at="2021-05-17T07:17:25 IST" name="testLogin" finished-at="2021-05-17T07:17:32 IST" duration-ms="6195" status="PASS">
          <reporter-output>
            <line>
              <![CDATA[captureScreen method called]]>
            </line>
            <line>
              <![CDATA[<a href='/home/anirudha/Documents/automation/AutomationFW/src/main/resources/screenShots/blank_17_05_2021_07_17_31.png'><img src='/home/anirudha/Documents/automation/AutomationFW/src/main/resources/screenShots/blank_17_05_2021_07_17_31.png'height='100' width='100'/></a>]]>
            </line>
          </reporter-output>
        </test-method> <!-- testLogin -->
        <test-method is-config="true" signature="afterMethod(org.testng.ITestResult)[pri:0, instance:TestScript1@1afd44cb]" started-at="2021-05-17T07:17:32 IST" name="afterMethod" finished-at="2021-05-17T07:17:32 IST" duration-ms="473" status="PASS">
          <params>
            <param index="0">
              <value>
                <![CDATA[[TestResult name=testLogin status=SUCCESS method=TestScript1.testLogin()[pri:0, instance:TestScript1@1afd44cb] output=captureScreen method called]]]>
              </value>
            </param>
          </params>
          <reporter-output>
          </reporter-output>
        </test-method> <!-- afterMethod -->
        <test-method is-config="true" signature="afterTest()[pri:0, instance:TestScript1@1afd44cb]" started-at="2021-05-17T07:17:32 IST" name="afterTest" finished-at="2021-05-17T07:17:32 IST" duration-ms="122" status="PASS">
          <reporter-output>
          </reporter-output>
        </test-method> <!-- afterTest -->
      </class> <!-- TestScript1 -->
    </test> <!-- Default test -->
  </suite> <!-- Default suite -->
</testng-results>
